MSBuild version 17.14.40+3e7442088 for .NET Framework

  ZSlate.vcxproj -> E:\Engine\ZEngine\engine\Libraries\ZSlate\build\Debug\ZSlate.lib
  standalone_app_example.cpp
E:\Engine\ZEngine\engine\Libraries\ZSlate\examples\standalone_app_example.cpp(1,1): warning C4819: The file contains a character that cannot be represented in the current code page (936). Save the file in Unicode format to prevent data loss [E:\Engine\ZEngine\engine\Libraries\ZSlate\build\examples\ZSlateStandaloneApp.vcxproj]
E:\Engine\ZEngine\engine\Libraries\ZSlate\include\ZSlate\Renderer\ZSlateBatchedRenderer.h(1,1): warning C4819: The file contains a character that cannot be represented in the current code page (936). Save the file in Unicode format to prevent data loss [E:\Engine\ZEngine\engine\Libraries\ZSlate\build\examples\ZSlateStandaloneApp.vcxproj]
  (compiling source file '../../examples/standalone_app_example.cpp')
  
E:\Engine\ZEngine\engine\Libraries\ZSlate\include\ZSlate\Widgets\Panels\SBorder.h(1,1): warning C4819: The file contains a character that cannot be represented in the current code page (936). Save the file in Unicode format to prevent data loss [E:\Engine\ZEngine\engine\Libraries\ZSlate\build\examples\ZSlateStandaloneApp.vcxproj]
  (compiling source file '../../examples/standalone_app_example.cpp')
  
E:\Engine\ZEngine\engine\Libraries\ZSlate\include\ZSlate\Widgets\SCompoundWidget.h(1,1): warning C4819: The file contains a character that cannot be represented in the current code page (936). Save the file in Unicode format to prevent data loss [E:\Engine\ZEngine\engine\Libraries\ZSlate\build\examples\ZSlateStandaloneApp.vcxproj]
  (compiling source file '../../examples/standalone_app_example.cpp')
  
E:\Engine\ZEngine\engine\Libraries\ZSlate\examples\standalone_app_example.cpp(112,14): error C2039: 'SetText': is not a member of 'ZSlate::SButton' [E:\Engine\ZEngine\engine\Libraries\ZSlate\build\examples\ZSlateStandaloneApp.vcxproj]
      E:\Engine\ZEngine\engine\Libraries\ZSlate\include\ZSlate\Widgets\Input\SButton.h(15,7):
      see declaration of 'ZSlate::SButton'
  
E:\Engine\ZEngine\engine\Libraries\ZSlate\examples\standalone_app_example.cpp(202,46): error C2039: 'SlateUIRendererTextMeasurer': is not a member of 'ZSlate' [E:\Engine\ZEngine\engine\Libraries\ZSlate\build\examples\ZSlateStandaloneApp.vcxproj]
      E:\Engine\ZEngine\engine\Libraries\ZSlate\include\ZSlate\Widgets\Text\STextBlock.h(11,11):
      see declaration of 'ZSlate'
  
E:\Engine\ZEngine\engine\Libraries\ZSlate\examples\standalone_app_example.cpp(202,46): error C2065: 'SlateUIRendererTextMeasurer': undeclared identifier [E:\Engine\ZEngine\engine\Libraries\ZSlate\build\examples\ZSlateStandaloneApp.vcxproj]
E:\Engine\ZEngine\engine\Libraries\ZSlate\examples\standalone_app_example.cpp(202,26): error C2672: 'std::make_shared': no matching overloaded function found [E:\Engine\ZEngine\engine\Libraries\ZSlate\build\examples\ZSlateStandaloneApp.vcxproj]
      C:\Program Files\Microsoft Visual Studio\2022\Professional\VC\Tools\MSVC\14.44.35207\include\memory(2968,44):
      could be 'std::shared_ptr<_Ty> std::make_shared(const remove_extent<_Ty>::type &)'
          E:\Engine\ZEngine\engine\Libraries\ZSlate\examples\standalone_app_example.cpp(202,46):
          'std::make_shared': invalid template argument for '_Ty', type expected
      C:\Program Files\Microsoft Visual Studio\2022\Professional\VC\Tools\MSVC\14.44.35207\include\memory(2959,44):
      or       'std::shared_ptr<_Ty> std::make_shared(void)'
          E:\Engine\ZEngine\engine\Libraries\ZSlate\examples\standalone_app_example.cpp(202,46):
          'std::make_shared': invalid template argument for '_Ty', type expected
      C:\Program Files\Microsoft Visual Studio\2022\Professional\VC\Tools\MSVC\14.44.35207\include\memory(2954,44):
      or       'std::shared_ptr<_Ty> std::make_shared(const size_t,const remove_extent<_Ty>::type &)'
          E:\Engine\ZEngine\engine\Libraries\ZSlate\examples\standalone_app_example.cpp(202,46):
          'std::make_shared': invalid template argument for '_Ty', type expected
      C:\Program Files\Microsoft Visual Studio\2022\Professional\VC\Tools\MSVC\14.44.35207\include\memory(2949,44):
      or       'std::shared_ptr<_Ty> std::make_shared(const size_t)'
          E:\Engine\ZEngine\engine\Libraries\ZSlate\examples\standalone_app_example.cpp(202,46):
          'std::make_shared': invalid template argument for '_Ty', type expected
      C:\Program Files\Microsoft Visual Studio\2022\Professional\VC\Tools\MSVC\14.44.35207\include\memory(2912,44):
      or       'std::shared_ptr<_Ty> std::make_shared(_Types ...)'
          E:\Engine\ZEngine\engine\Libraries\ZSlate\examples\standalone_app_example.cpp(202,46):
          'std::make_shared': invalid template argument for '_Ty', type expected
  
E:\Engine\ZEngine\engine\Libraries\ZSlate\examples\standalone_app_example.cpp(203,53): error C3536: 'measurer': cannot be used before it is initialized [E:\Engine\ZEngine\engine\Libraries\ZSlate\build\examples\ZSlateStandaloneApp.vcxproj]
